<?xml version="1.0" encoding="UTF-8"?>
<!-- Generated by org.testng.reporters.JUnitReportReporter -->
<testsuite skipped="0" hostname="LAPTOP-UQ8QGHU2" name="tests.TC001" tests="1" failures="0" timestamp="2022-03-02T15:43:52 IST" time="9.913" errors="0">
  <testcase name="testFirst" time="9.913" classname="tests.TC001"/>
  <system-out/>
</testsuite> <!-- tests.TC001 -->
